C:\Users\OUIDAH-LOUNGE\Documents\GitHub\Ouidal-lounge-admin\node_modules\next\dist\server\next-server.js:352
                throw new Error(`Could not find a production build in the '${this.distDir}' directory. Try building your app with 'next build' before starting the production server. https://nextjs.org/docs/messages/production-start-no-build-id`);
                      ^

Error: Could not find a production build in the 'C:\Users\OUIDAH-LOUNGE\Documents\GitHub\Ouidal-lounge-admin\.next' directory. Try building your app with 'next build' before starting the production server. https://nextjs.org/docs/messages/production-start-no-build-id
    at NextNodeServer.getBuildId (C:\Users\OUIDAH-LOUNGE\Documents\GitHub\Ouidal-lounge-admin\node_modules\next\dist\server\next-server.js:352:23)
    at new Server (C:\Users\OUIDAH-LOUNGE\Documents\GitHub\Ouidal-lounge-admin\node_modules\next\dist\server\base-server.js:151:29)
    at new NextNodeServer (C:\Users\OUIDAH-LOUNGE\Documents\GitHub\Ouidal-lounge-admin\node_modules\next\dist\server\next-server.js:169:9)
    at NextServer.createServer (C:\Users\OUIDAH-LOUNGE\Documents\GitHub\Ouidal-lounge-admin\node_modules\next\dist\server\next.js:171:24)
    at async C:\Users\OUIDAH-LOUNGE\Documents\GitHub\Ouidal-lounge-admin\node_modules\next\dist\server\next.js:190:31
    at async NextServer.prepare (C:\Users\OUIDAH-LOUNGE\Documents\GitHub\Ouidal-lounge-admin\node_modules\next\dist\server\next.js:153:24)
C:\Users\OUIDAH-LOUNGE\Documents\GitHub\Ouidal-lounge-admin\node_modules\next\dist\server\next-server.js:352
                throw new Error(`Could not find a production build in the '${this.distDir}' directory. Try building your app with 'next build' before starting the production server. https://nextjs.org/docs/messages/production-start-no-build-id`);
                      ^

Error: Could not find a production build in the 'C:\Users\OUIDAH-LOUNGE\Documents\GitHub\Ouidal-lounge-admin\.next' directory. Try building your app with 'next build' before starting the production server. https://nextjs.org/docs/messages/production-start-no-build-id
    at NextNodeServer.getBuildId (C:\Users\OUIDAH-LOUNGE\Documents\GitHub\Ouidal-lounge-admin\node_modules\next\dist\server\next-server.js:352:23)
    at new Server (C:\Users\OUIDAH-LOUNGE\Documents\GitHub\Ouidal-lounge-admin\node_modules\next\dist\server\base-server.js:151:29)
    at new NextNodeServer (C:\Users\OUIDAH-LOUNGE\Documents\GitHub\Ouidal-lounge-admin\node_modules\next\dist\server\next-server.js:169:9)
    at NextServer.createServer (C:\Users\OUIDAH-LOUNGE\Documents\GitHub\Ouidal-lounge-admin\node_modules\next\dist\server\next.js:171:24)
    at async C:\Users\OUIDAH-LOUNGE\Documents\GitHub\Ouidal-lounge-admin\node_modules\next\dist\server\next.js:190:31
    at async NextServer.prepare (C:\Users\OUIDAH-LOUNGE\Documents\GitHub\Ouidal-lounge-admin\node_modules\next\dist\server\next.js:153:24)
C:\Users\OUIDAH-LOUNGE\Documents\GitHub\Ouidal-lounge-admin\node_modules\next\dist\server\next-server.js:352
                throw new Error(`Could not find a production build in the '${this.distDir}' directory. Try building your app with 'next build' before starting the production server. https://nextjs.org/docs/messages/production-start-no-build-id`);
                      ^

Error: Could not find a production build in the 'C:\Users\OUIDAH-LOUNGE\Documents\GitHub\Ouidal-lounge-admin\.next' directory. Try building your app with 'next build' before starting the production server. https://nextjs.org/docs/messages/production-start-no-build-id
    at NextNodeServer.getBuildId (C:\Users\OUIDAH-LOUNGE\Documents\GitHub\Ouidal-lounge-admin\node_modules\next\dist\server\next-server.js:352:23)
    at new Server (C:\Users\OUIDAH-LOUNGE\Documents\GitHub\Ouidal-lounge-admin\node_modules\next\dist\server\base-server.js:151:29)
    at new NextNodeServer (C:\Users\OUIDAH-LOUNGE\Documents\GitHub\Ouidal-lounge-admin\node_modules\next\dist\server\next-server.js:169:9)
    at NextServer.createServer (C:\Users\OUIDAH-LOUNGE\Documents\GitHub\Ouidal-lounge-admin\node_modules\next\dist\server\next.js:171:24)
    at async C:\Users\OUIDAH-LOUNGE\Documents\GitHub\Ouidal-lounge-admin\node_modules\next\dist\server\next.js:190:31
    at async NextServer.prepare (C:\Users\OUIDAH-LOUNGE\Documents\GitHub\Ouidal-lounge-admin\node_modules\next\dist\server\next.js:153:24)
[next-auth][warn][NEXTAUTH_URL] 
https://next-auth.js.org/warnings#nextauth_url
